<?xml version="1.0" encoding="UTF-8"?>
<testsuite name="OrderFormTest" tests="9" skipped="0" failures="0" errors="0" timestamp="2023-07-18T16:21:21" hostname="POWODOK" time="5.741">
  <properties/>
  <testcase name="shouldEmptyPhoneField()" classname="OrderFormTest" time="2.431"/>
  <testcase name="shouldHyphenInNameField()" classname="OrderFormTest" time="0.473"/>
  <testcase name="shouldCheckboxNotMarked()" classname="OrderFormTest" time="0.395"/>
  <testcase name="shouldPhoneWithoutPlusSymbol()" classname="OrderFormTest" time="0.405"/>
  <testcase name="shouldSubmitFormTest()" classname="OrderFormTest" time="0.426"/>
  <testcase name="shouldMoreElevenCharactersInPhone()" classname="OrderFormTest" time="0.413"/>
  <testcase name="shouldLessElevenCharactersInPhone()" classname="OrderFormTest" time="0.41"/>
  <testcase name="shouldLatinLettersInNameField()" classname="OrderFormTest" time="0.426"/>
  <testcase name="shouldEmptyNameField()" classname="OrderFormTest" time="0.358"/>
  <system-out><![CDATA[]]></system-out>
  <system-err><![CDATA[SLF4J: No SLF4J providers were found.
SLF4J: Defaulting to no-operation (NOP) logger implementation
SLF4J: See https://www.slf4j.org/codes.html#noProviders for further details.
Starting ChromeDriver 114.0.5735.90 (386bc09e8f4f2e025eddae123f36f6263096ae49-refs/branch-heads/5735@{#1052}) on port 10859
Only local connections are allowed.
Please see https://chromedriver.chromium.org/security-considerations for suggestions on keeping ChromeDriver safe.
ChromeDriver was started successfully.
июл. 18, 2023 8:21:22 PM org.openqa.selenium.devtools.CdpVersionFinder findNearestMatch
WARNING: Unable to find an exact match for CDP version 114, so returning the closest version found: 111
]]></system-err>
</testsuite>
